<?xml version="1.0" encoding="UTF-8"?>
<!-- Generated by org.testng.reporters.JUnitReportReporter -->
<testsuite hostname="DESKTOP-LIMR78O" failures="0" tests="2" name="agileTech.testNGProject.GropsIntESTng" time="0.012" errors="0" timestamp="2022-08-22T18:02:56 IST" skipped="0">
  <testcase classname="agileTech.testNGProject.GropsIntESTng" name="test3" time="0.005"/>
  <system-out/>
  <testcase classname="agileTech.testNGProject.GropsIntESTng" name="test1" time="0.007"/>
  <system-out/>
</testsuite> <!-- agileTech.testNGProject.GropsIntESTng -->
