<?xml version="1.0" encoding="UTF-8"?>
<!-- Generated by org.testng.reporters.JUnitReportReporter -->
<testsuite hostname="DESKTOP-LIMR78O" failures="0" tests="2" name="agileTech.testNGProject.Annotations" time="0.023" errors="0" timestamp="2022-08-22T18:13:03 IST" skipped="0">
  <testcase classname="agileTech.testNGProject.Annotations" name="signup" time="0.007"/>
  <system-out/>
  <testcase classname="agileTech.testNGProject.Annotations" name="login" time="0.016"/>
  <system-out/>
</testsuite> <!-- agileTech.testNGProject.Annotations -->
