<?xml version="1.0" encoding="UTF-8"?>
<!-- Generated by org.testng.reporters.JUnitReportReporter -->
<testsuite hostname="DESKTOP-LIMR78O" failures="0" tests="1" name="agileTech.testNGProject.Assertion" time="36.721" errors="0" timestamp="2022-08-24T14:46:31 IST" skipped="0">
  <testcase classname="agileTech.testNGProject.Assertion" name="verifyHomePage" time="36.721"/>
  <system-out/>
</testsuite> <!-- agileTech.testNGProject.Assertion -->
