<?xml version="1.0" encoding="UTF-8"?>
<!-- Generated by org.testng.reporters.JUnitReportReporter -->
<testsuite hostname="DESKTOP-LIMR78O" failures="0" tests="1" name="agileTech.testNGProject.BrokenLinks" time="17.988" errors="0" timestamp="2022-08-24T18:17:01 IST" skipped="0">
  <testcase classname="agileTech.testNGProject.BrokenLinks" name="searchBrokenLinks" time="17.988"/>
  <system-out/>
</testsuite> <!-- agileTech.testNGProject.BrokenLinks -->
