<?xml version="1.0" encoding="UTF-8"?>
<!-- Generated by org.testng.reporters.JUnitReportReporter -->
<testsuite hostname="DESKTOP-LIMR78O" failures="0" tests="1" name="agileTech.testNgFramework.Sample12" time="0.016" errors="0" timestamp="2022-08-22T20:05:45 IST" skipped="0">
  <testcase classname="agileTech.testNgFramework.Sample12" name="sampleMethod1" time="0.016"/>
  <system-out/>
</testsuite> <!-- agileTech.testNgFramework.Sample12 -->
