<?xml version="1.0" encoding="UTF-8"?>
<!-- Generated by org.testng.reporters.JUnitReportReporter -->
<testsuite hostname="DESKTOP-LIMR78O" failures="0" tests="1" name="agileTech.testNgFramework.BrokenLinks" time="18.220" errors="0" timestamp="2022-08-24T20:31:50 IST" skipped="0">
  <testcase classname="agileTech.testNgFramework.BrokenLinks" name="searchBrokenLink" time="18.220"/>
  <system-out/>
</testsuite> <!-- agileTech.testNgFramework.BrokenLinks -->
