<?xml version="1.0" encoding="UTF-8"?>
<!-- Generated by org.testng.reporters.JUnitReportReporter -->
<testsuite hostname="DESKTOP-LIMR78O" failures="0" tests="1" name="agileTech.testNgFramework.Dependency" time="0.003" errors="0" timestamp="2022-08-22T19:35:21 IST" skipped="0">
  <testcase classname="agileTech.testNgFramework.Dependency" name="login" time="0.003"/>
  <system-out/>
</testsuite> <!-- agileTech.testNgFramework.Dependency -->
