<?xml version="1.0" encoding="UTF-8"?>
<!-- Generated by org.testng.reporters.JUnitReportReporter -->
<testsuite hostname="DESKTOP-LIMR78O" failures="0" tests="1" name="agileTech.testNgFramework.SampleClass" time="0.028" errors="0" timestamp="2022-08-22T19:35:21 IST" skipped="0">
  <testcase classname="agileTech.testNgFramework.SampleClass" name="alogin" time="0.028"/>
  <system-out/>
</testsuite> <!-- agileTech.testNgFramework.SampleClass -->
