<?xml version="1.0" encoding="UTF-8"?>
<!-- Generated by org.testng.reporters.JUnitReportReporter -->
<testsuite hostname="DESKTOP-LIMR78O" failures="0" tests="1" name="agileTech.testNgFramework.SampleClass11" time="0.033" errors="0" timestamp="2022-08-22T20:02:22 IST" skipped="0">
  <testcase classname="agileTech.testNgFramework.SampleClass11" name="login" time="0.033"/>
  <system-out/>
</testsuite> <!-- agileTech.testNgFramework.SampleClass11 -->
