<?xml version="1.0" encoding="UTF-8"?>
<!-- Generated by org.testng.reporters.JUnitReportReporter -->
<testsuite hostname="DESKTOP-LIMR78O" failures="0" tests="1" name="agileTech.testNgFramework.SampleTestClass" time="0.006" errors="0" timestamp="2022-08-22T19:15:06 IST" skipped="0">
  <testcase classname="agileTech.testNgFramework.SampleTestClass" name="method2" time="0.006"/>
  <system-out/>
</testsuite> <!-- agileTech.testNgFramework.SampleTestClass -->
