<?xml version="1.0" encoding="UTF-8"?>
<!-- Generated by org.testng.reporters.JUnitReportReporter -->
<testsuite hostname="DESKTOP-LIMR78O" failures="0" tests="4" name="agileTech.testNgFramework.Skipp" time="0.016" errors="0" timestamp="2022-08-22T19:35:21 IST" skipped="0">
  <testcase classname="agileTech.testNgFramework.Skipp" name="method2" time="0.004"/>
  <system-out/>
  <testcase classname="agileTech.testNgFramework.Skipp" name="method5" time="0.003"/>
  <system-out/>
  <testcase classname="agileTech.testNgFramework.Skipp" name="method6" time="0.004"/>
  <system-out/>
  <testcase classname="agileTech.testNgFramework.Skipp" name="method3" time="0.005"/>
  <system-out/>
</testsuite> <!-- agileTech.testNgFramework.Skipp -->
