<?xml version="1.0" encoding="UTF-8"?>
<!-- Generated by org.testng.reporters.JUnitReportReporter -->
<testsuite hostname="DESKTOP-LIMR78O" failures="0" tests="1" name="agileTech.selenium.GetDemo" time="4.626" errors="0" timestamp="06 Aug 2022 04:04:43 GMT" skipped="0">
  <testcase classname="agileTech.selenium.GetDemo" name="getRequest" time="4.626"/>
</testsuite> <!-- agileTech.selenium.GetDemo -->
