<?xml version="1.0" encoding="UTF-8"?>
<!-- Generated by org.testng.reporters.JUnitReportReporter -->
<testsuite hostname="DESKTOP-LIMR78O" failures="0" tests="2" name="agileTech.selenium.PetStroeRequest" time="5.875" errors="0" timestamp="06 Aug 2022 10:01:56 GMT" skipped="0">
  <testcase classname="agileTech.selenium.PetStroeRequest" name="getRequest" time="1.013"/>
  <testcase classname="agileTech.selenium.PetStroeRequest" name="PostRequest" time="4.862"/>
</testsuite> <!-- agileTech.selenium.PetStroeRequest -->
