<?xml version="1.0" encoding="UTF-8"?>
<!-- Generated by org.testng.reporters.JUnitReportReporter -->
<testsuite hostname="DESKTOP-LIMR78O" failures="0" tests="1" name="agileTech.selenium.CRUD" time="4.541" errors="0" timestamp="06 Aug 2022 09:59:54 GMT" skipped="0">
  <testcase classname="agileTech.selenium.CRUD" name="getRequest" time="4.541"/>
</testsuite> <!-- agileTech.selenium.CRUD -->
