<?xml version="1.0" encoding="UTF-8"?>
<!-- Generated by org.testng.reporters.JUnitReportReporter -->
<testsuite hostname="DESKTOP-LIMR78O" failures="0" tests="2" name="pomf.testcases.IndexPageTest" time="42.438" errors="0" timestamp="2022-09-29T19:39:00 IST" skipped="0">
  <testcase classname="pomf.testcases.IndexPageTest" name="verifyTitle" time="26.780"/>
  <system-out/>
  <testcase classname="pomf.testcases.IndexPageTest" name="verifyLogo" time="15.658"/>
  <system-out/>
</testsuite> <!-- pomf.testcases.IndexPageTest -->
