<?xml version="1.0" encoding="UTF-8"?>
<!-- Generated by org.testng.reporters.JUnitReportReporter -->
<testsuite hostname="DESKTOP-LIMR78O" failures="0" tests="1" name="pomf.testcases.SearchresultTest" time="15.655" errors="0" timestamp="2022-10-01T20:07:58 IST" skipped="0">
  <testcase classname="pomf.testcases.SearchresultTest" name="verifyString" time="15.655"/>
  <system-out/>
</testsuite> <!-- pomf.testcases.SearchresultTest -->
