<?xml version="1.0" encoding="UTF-8"?>
<!-- Generated by org.testng.reporters.JUnitReportReporter -->
<testsuite hostname="DESKTOP-LIMR78O" failures="0" tests="2" name="pomf.testcases.IndexPageTest" time="22.527" errors="0" timestamp="2022-10-01T19:42:27 IST" skipped="0">
  <testcase classname="pomf.testcases.IndexPageTest" name="verifyTitle" time="12.349"/>
  <system-out/>
  <testcase classname="pomf.testcases.IndexPageTest" name="verifyLogo" time="10.178"/>
  <system-out/>
</testsuite> <!-- pomf.testcases.IndexPageTest -->
